<?xml version="1.0" encoding="UTF-8"?>
<!-- Generated by org.testng.reporters.JUnitReportReporter -->
<testsuite skipped="0" hostname="DEL1-DHP-28236" name="com.sample.test.TestCase1" tests="1" failures="0" timestamp="12 Jun 2018 11:13:25 GMT" time="76.583" errors="0">
  <testcase name="testValidLogin" time="76.583" classname="com.sample.test.TestCase1"/>
</testsuite> <!-- com.sample.test.TestCase1 -->
