<?xml version="1.0" encoding="UTF-8"?>
<!-- Generated by org.testng.reporters.JUnitReportReporter -->
<testsuite skipped="0" hostname="DEL1-DHP-28236" name="com.sample.test.Runner" tests="1" failures="0" timestamp="12 Jun 2018 11:13:25 GMT" time="117.866" errors="0">
  <testcase name="runWebTests" time="117.866" classname="com.sample.test.Runner"/>
</testsuite> <!-- com.sample.test.Runner -->
