<?xml version="1.0" encoding="UTF-8"?>
<!-- Generated by org.testng.reporters.JUnitReportReporter -->
<testsuite skipped="1" hostname="DEL1-DHP-28236" name="com.sample.test.TestCase3" tests="1" failures="0" timestamp="12 Jun 2018 11:13:25 GMT" time="9.770" errors="0">
  <testcase name="testSkipLogin" time="9.770" classname="com.sample.test.TestCase3">
    <skipped/>
  </testcase> <!-- testSkipLogin -->
</testsuite> <!-- com.sample.test.TestCase3 -->
